-------------------------------------------------------------------------------
Test set: businesslogicTest.CommodityDocumentBLServiceTest
-------------------------------------------------------------------------------
Tests run: 4, Failures: 4, Errors: 0, Skipped: 0, Time elapsed: 0.016 sec <<< FAILURE!
businesslogicTest.CommodityDocumentBLServiceTest.testGetCommodityDocument()  Time elapsed: 0 sec  <<< FAILURE!
java.lang.NoClassDefFoundError: org/junit/Assert
	at businesslogicTest.CommodityDocumentBLServiceTest.testGetCommodityDocument(CommodityDocumentBLServiceTest.java:15)
Caused by: java.lang.ClassNotFoundException: org.junit.Assert
	at java.net.URLClassLoader$1.run(Unknown Source)
	at java.net.URLClassLoader$1.run(Unknown Source)
	at java.security.AccessController.doPrivileged(Native Method)
	at java.net.URLClassLoader.findClass(Unknown Source)
	at java.lang.ClassLoader.loadClass(Unknown Source)
	at sun.misc.Launcher$AppClassLoader.loadClass(Unknown Source)
	at java.lang.ClassLoader.loadClass(Unknown Source)
	... 19 more
businesslogicTest.CommodityDocumentBLServiceTest.testEndDocumentManagement()  Time elapsed: 0 sec  <<< FAILURE!
java.lang.NoClassDefFoundError: org/junit/Assert
	at businesslogicTest.CommodityDocumentBLServiceTest.testEndDocumentManagement(CommodityDocumentBLServiceTest.java:32)
businesslogicTest.CommodityDocumentBLServiceTest.testSendTOManager()  Time elapsed: 0 sec  <<< FAILURE!
java.lang.NoClassDefFoundError: org/junit/Assert
	at businesslogicTest.CommodityDocumentBLServiceTest.testSendTOManager(CommodityDocumentBLServiceTest.java:27)
businesslogicTest.CommodityDocumentBLServiceTest.testCreatCommodityDocument()  Time elapsed: 0 sec  <<< FAILURE!
java.lang.NoClassDefFoundError: org/junit/Assert
	at businesslogicTest.CommodityDocumentBLServiceTest.testCreatCommodityDocument(CommodityDocumentBLServiceTest.java:21)
